<?xml version="1.0" encoding="UTF-8"?>
<!-- Generated by org.testng.reporters.JUnitReportReporter -->
<testsuite hostname="DESKTOP-8KB3FQ7" failures="0" tests="1" name="AutomationFramework.Test.ErrorValidations" time="6.771" errors="0" timestamp="2024-08-14T20:27:39 EDT" skipped="0">
  <testcase classname="AutomationFramework.Test.ErrorValidations" name="submitOrder" time="6.771"/>
</testsuite> <!-- AutomationFramework.Test.ErrorValidations -->
