<?xml version="1.0" encoding="UTF-8"?>
<!-- Generated by org.testng.reporters.JUnitReportReporter -->
<testsuite hostname="DESKTOP-8KB3FQ7" failures="0" tests="2" name="AutomationFramework.Test.ErrorValidationsTest" time="27.376" errors="0" timestamp="2024-08-15T20:42:11 EDT" skipped="0">
  <testcase classname="AutomationFramework.Test.ErrorValidationsTest" name="LoginErrorValidations" time="9.931"/>
  <testcase classname="AutomationFramework.Test.ErrorValidationsTest" name="ProductErrorValidations" time="17.445"/>
</testsuite> <!-- AutomationFramework.Test.ErrorValidationsTest -->
