<?xml version="1.0" encoding="UTF-8"?>
<!-- Generated by org.testng.reporters.JUnitReportReporter -->
<testsuite hostname="DESKTOP-8KB3FQ7" failures="0" tests="2" name="AutomationFramework.Test.ErrorValidationsTest" time="71.881" errors="0" timestamp="2024-08-20T16:11:33 EDT" skipped="0">
  <testcase classname="AutomationFramework.Test.ErrorValidationsTest" name="LoginErrorValidations" time="20.396"/>
  <testcase classname="AutomationFramework.Test.ErrorValidationsTest" name="ProductErrorValidations" time="51.485"/>
</testsuite> <!-- AutomationFramework.Test.ErrorValidationsTest -->
